<?xml version="1.0" encoding="UTF-8"?>
<testsuite name="edu.uoc.pac4.test.CloneTest" tests="1" skipped="0" failures="0" errors="0" timestamp="2023-05-22T09:05:45" hostname="DSR" time="0.017">
  <properties/>
  <testcase name="testClone()" classname="edu.uoc.pac4.test.CloneTest" time="0.017"/>
  <system-out><![CDATA[]]></system-out>
  <system-err><![CDATA[]]></system-err>
</testsuite>
